<?xml version="1.0" encoding="utf-8" standalone="no"?>
<test-results xmlns:xsi="http://www.w3.org/2001/XMLSchema-instance" xsi:noNamespaceSchemaLocation="nunit_schema_2.5.xsd" name="Pester" total="3" errors="0" failures="0" not-run="0" inconclusive="0" ignored="0" skipped="0" invalid="0" date="2018-10-02" time="07:56:58">
  <environment user="acoats" machine-name="BLUEL-2089" cwd="C:\dev\Kentico11CICD" user-domain="BLUEHQ" platform="Microsoft Windows 10 Pro|C:\WINDOWS|\Device\Harddisk0\Partition3" nunit-version="2.5.8.0" os-version="10.0.17134" clr-version="4.0.30319.42000" />
  <culture-info current-culture="en-US" current-uiculture="en-US" />
  <test-suite type="TestFixture" name="Pester" executed="True" result="Success" success="True" time="0.5356" asserts="0" description="Pester">
    <results>
      <test-suite type="TestFixture" name=".\CI\PesterTests\demo.tests.ps1" executed="True" result="Success" success="True" time="0.5356" asserts="0" description=".\CI\PesterTests\demo.tests.ps1">
        <results>
          <test-suite type="TestFixture" name="Resource Group Resource" executed="True" result="Success" success="True" time="0.5356" asserts="0" description="Resource Group Resource">
            <results>
              <test-case description="Passed Resource Group existence" name="Resource Group Resource.Passed Resource Group existence" time="0.4254" asserts="0" success="True" result="Success" executed="True" />
              <test-case description="Passed Hosting Plan existence" name="Resource Group Resource.Passed Hosting Plan existence" time="0.0914" asserts="0" success="True" result="Success" executed="True" />
              <test-case description="Passed App Service existence" name="Resource Group Resource.Passed App Service existence" time="0.0187" asserts="0" success="True" result="Success" executed="True" />
            </results>
          </test-suite>
        </results>
      </test-suite>
    </results>
  </test-suite>
</test-results>