<?xml version="1.0" encoding="utf-8" standalone="no"?>
<test-results xmlns:xsi="http://www.w3.org/2001/XMLSchema-instance" xsi:noNamespaceSchemaLocation="nunit_schema_2.5.xsd" name="Pester" total="3" errors="0" failures="0" not-run="0" inconclusive="0" ignored="0" skipped="0" invalid="0" date="2018-10-01" time="20:28:36">
  <environment user="awcoats" machine-name="DESKTOP-JHRUGHC" cwd="F:\Projects\Kentico11CICD" user-domain="DESKTOP-JHRUGHC" platform="Microsoft Windows 10 Pro|C:\WINDOWS|\Device\Harddisk0\Partition4" nunit-version="2.5.8.0" os-version="10.0.17134" clr-version="4.0.30319.42000" />
  <culture-info current-culture="en-US" current-uiculture="en-US" />
  <test-suite type="Powershell" name="Pester" executed="True" result="Success" success="True" time="0.0697" asserts="0">
    <results>
      <test-suite type="PowerShell" name="Resource Group Resource" executed="True" result="Success" success="True" time="0.0697" asserts="0">
        <results>
          <test-case name="Passed Resource Group existence" time="0.0369" asserts="0" success="True" result="Success" executed="True" />
          <test-case name="Passed Hosting Plan existence" time="0.0169" asserts="0" success="True" result="Success" executed="True" />
          <test-case name="Passed App Service existence" time="0.0159" asserts="0" success="True" result="Success" executed="True" />
        </results>
      </test-suite>
    </results>
  </test-suite>
</test-results>